======= Start calculating ========
/home/tom61212/bin/cmake-install/cmake-3.15.5/bin/cmake: /usr/lib64/libssl.so.10: no version information available (required by /home/tom61212/bin/cmake-install/cmake-3.15.5/bin/cmake)
/home/tom61212/bin/cmake-install/cmake-3.15.5/bin/cmake: /usr/lib64/libcrypto.so.10: no version information available (required by /home/tom61212/bin/cmake-install/cmake-3.15.5/bin/cmake)
/home/tom61212/bin/cmake-install/cmake-3.15.5/bin/cmake: /usr/lib64/libcrypto.so.10: no version information available (required by /home/tom61212/bin/cmake-install/cmake-3.15.5/bin/cmake)
-- The C compiler identification is GNU 9.2.0
-- The CXX compiler identification is GNU 9.2.0
-- Check for working C compiler: /home/tom61212/bin/gcc920/bin/gcc
-- Check for working C compiler: /home/tom61212/bin/gcc920/bin/gcc -- works
-- Detecting C compiler ABI info
-- Detecting C compiler ABI info - done
-- Detecting C compile features
-- Detecting C compile features - done
-- Check for working CXX compiler: /home/tom61212/bin/gcc920/bin/g++
-- Check for working CXX compiler: /home/tom61212/bin/gcc920/bin/g++ -- works
-- Detecting CXX compiler ABI info
-- Detecting CXX compiler ABI info - done
-- Detecting CXX compile features
-- Detecting CXX compile features - done
Default build type is 
CMAKE_C_FLAGS_DEBUG is -g
CMAKE_C_FLAGS_RELEASE is -O3 -DNDEBUG
CMAKE_C_FLAGS_RELWITHDEBINFO is -O2 -g -DNDEBUG
CMAKE_C_FLAGS_MINSIZEREL is -Os -DNDEBUG
CMAKE_CXX_FLAGS_DEBUG is -g
CMAKE_CXX_FLAGS_RELEASE is -O3 -DNDEBUG
CMAKE_CXX_FLAGS_RELWITHDEBINFO is -O2 -g -DNDEBUG
CMAKE_CXX_FLAGS_MINSIZEREL is -Os -DNDEBUG
-- No build type selected, default to Release
-- Configuring done
-- Generating done
-- Build files have been written to: /home/tom61212/share/MARS-20201211
/home/tom61212/bin/cmake-install/cmake-3.15.5/bin/cmake: /usr/lib64/libssl.so.10: no version information available (required by /home/tom61212/bin/cmake-install/cmake-3.15.5/bin/cmake)
/home/tom61212/bin/cmake-install/cmake-3.15.5/bin/cmake: /usr/lib64/libcrypto.so.10: no version information available (required by /home/tom61212/bin/cmake-install/cmake-3.15.5/bin/cmake)
/home/tom61212/bin/cmake-install/cmake-3.15.5/bin/cmake: /usr/lib64/libcrypto.so.10: no version information available (required by /home/tom61212/bin/cmake-install/cmake-3.15.5/bin/cmake)
/home/tom61212/bin/cmake-install/cmake-3.15.5/bin/cmake: /usr/lib64/libssl.so.10: no version information available (required by /home/tom61212/bin/cmake-install/cmake-3.15.5/bin/cmake)
/home/tom61212/bin/cmake-install/cmake-3.15.5/bin/cmake: /usr/lib64/libcrypto.so.10: no version information available (required by /home/tom61212/bin/cmake-install/cmake-3.15.5/bin/cmake)
/home/tom61212/bin/cmake-install/cmake-3.15.5/bin/cmake: /usr/lib64/libcrypto.so.10: no version information available (required by /home/tom61212/bin/cmake-install/cmake-3.15.5/bin/cmake)
/home/tom61212/bin/cmake-install/cmake-3.15.5/bin/cmake: /usr/lib64/libssl.so.10: no version information available (required by /home/tom61212/bin/cmake-install/cmake-3.15.5/bin/cmake)
/home/tom61212/bin/cmake-install/cmake-3.15.5/bin/cmake: /usr/lib64/libcrypto.so.10: no version information available (required by /home/tom61212/bin/cmake-install/cmake-3.15.5/bin/cmake)
/home/tom61212/bin/cmake-install/cmake-3.15.5/bin/cmake: /usr/lib64/libcrypto.so.10: no version information available (required by /home/tom61212/bin/cmake-install/cmake-3.15.5/bin/cmake)
Scanning dependencies of target MARS
/home/tom61212/bin/cmake-install/cmake-3.15.5/bin/cmake: /usr/lib64/libssl.so.10: no version information available (required by /home/tom61212/bin/cmake-install/cmake-3.15.5/bin/cmake)
/home/tom61212/bin/cmake-install/cmake-3.15.5/bin/cmake: /usr/lib64/libcrypto.so.10: no version information available (required by /home/tom61212/bin/cmake-install/cmake-3.15.5/bin/cmake)
/home/tom61212/bin/cmake-install/cmake-3.15.5/bin/cmake: /usr/lib64/libcrypto.so.10: no version information available (required by /home/tom61212/bin/cmake-install/cmake-3.15.5/bin/cmake)
[  9%] Building CXX object CMakeFiles/MARS.dir/CASES_NEU.cpp.o
/home/tom61212/bin/cmake-install/cmake-3.15.5/bin/cmake: /usr/lib64/libssl.so.10: no version information available (required by /home/tom61212/bin/cmake-install/cmake-3.15.5/bin/cmake)
/home/tom61212/bin/cmake-install/cmake-3.15.5/bin/cmake: /usr/lib64/libcrypto.so.10: no version information available (required by /home/tom61212/bin/cmake-install/cmake-3.15.5/bin/cmake)
/home/tom61212/bin/cmake-install/cmake-3.15.5/bin/cmake: /usr/lib64/libcrypto.so.10: no version information available (required by /home/tom61212/bin/cmake-install/cmake-3.15.5/bin/cmake)
[ 18%] Building CXX object CMakeFiles/MARS.dir/CASES_IL.cpp.o
/home/tom61212/bin/cmake-install/cmake-3.15.5/bin/cmake: /usr/lib64/libssl.so.10: no version information available (required by /home/tom61212/bin/cmake-install/cmake-3.15.5/bin/cmake)
/home/tom61212/bin/cmake-install/cmake-3.15.5/bin/cmake: /usr/lib64/libcrypto.so.10: no version information available (required by /home/tom61212/bin/cmake-install/cmake-3.15.5/bin/cmake)
/home/tom61212/bin/cmake-install/cmake-3.15.5/bin/cmake: /usr/lib64/libcrypto.so.10: no version information available (required by /home/tom61212/bin/cmake-install/cmake-3.15.5/bin/cmake)
[ 27%] Building CXX object CMakeFiles/MARS.dir/CASES_IL_INDEPENDENT.cpp.o
/home/tom61212/bin/cmake-install/cmake-3.15.5/bin/cmake: /usr/lib64/libssl.so.10: no version information available (required by /home/tom61212/bin/cmake-install/cmake-3.15.5/bin/cmake)
/home/tom61212/bin/cmake-install/cmake-3.15.5/bin/cmake: /usr/lib64/libcrypto.so.10: no version information available (required by /home/tom61212/bin/cmake-install/cmake-3.15.5/bin/cmake)
/home/tom61212/bin/cmake-install/cmake-3.15.5/bin/cmake: /usr/lib64/libcrypto.so.10: no version information available (required by /home/tom61212/bin/cmake-install/cmake-3.15.5/bin/cmake)
[ 36%] Building CXX object CMakeFiles/MARS.dir/UTILITY.cpp.o
/home/tom61212/bin/cmake-install/cmake-3.15.5/bin/cmake: /usr/lib64/libssl.so.10: no version information available (required by /home/tom61212/bin/cmake-install/cmake-3.15.5/bin/cmake)
/home/tom61212/bin/cmake-install/cmake-3.15.5/bin/cmake: /usr/lib64/libcrypto.so.10: no version information available (required by /home/tom61212/bin/cmake-install/cmake-3.15.5/bin/cmake)
/home/tom61212/bin/cmake-install/cmake-3.15.5/bin/cmake: /usr/lib64/libcrypto.so.10: no version information available (required by /home/tom61212/bin/cmake-install/cmake-3.15.5/bin/cmake)
[ 45%] Building CXX object CMakeFiles/MARS.dir/MOLECULE.cpp.o
/home/tom61212/bin/cmake-install/cmake-3.15.5/bin/cmake: /usr/lib64/libssl.so.10: no version information available (required by /home/tom61212/bin/cmake-install/cmake-3.15.5/bin/cmake)
/home/tom61212/bin/cmake-install/cmake-3.15.5/bin/cmake: /usr/lib64/libcrypto.so.10: no version information available (required by /home/tom61212/bin/cmake-install/cmake-3.15.5/bin/cmake)
/home/tom61212/bin/cmake-install/cmake-3.15.5/bin/cmake: /usr/lib64/libcrypto.so.10: no version information available (required by /home/tom61212/bin/cmake-install/cmake-3.15.5/bin/cmake)
[ 54%] Building CXX object CMakeFiles/MARS.dir/IL.cpp.o
/home/tom61212/bin/cmake-install/cmake-3.15.5/bin/cmake: /usr/lib64/libssl.so.10: no version information available (required by /home/tom61212/bin/cmake-install/cmake-3.15.5/bin/cmake)
/home/tom61212/bin/cmake-install/cmake-3.15.5/bin/cmake: /usr/lib64/libcrypto.so.10: no version information available (required by /home/tom61212/bin/cmake-install/cmake-3.15.5/bin/cmake)
/home/tom61212/bin/cmake-install/cmake-3.15.5/bin/cmake: /usr/lib64/libcrypto.so.10: no version information available (required by /home/tom61212/bin/cmake-install/cmake-3.15.5/bin/cmake)
[ 63%] Building CXX object CMakeFiles/MARS.dir/ATOM.cpp.o
/home/tom61212/bin/cmake-install/cmake-3.15.5/bin/cmake: /usr/lib64/libssl.so.10: no version information available (required by /home/tom61212/bin/cmake-install/cmake-3.15.5/bin/cmake)
/home/tom61212/bin/cmake-install/cmake-3.15.5/bin/cmake: /usr/lib64/libcrypto.so.10: no version information available (required by /home/tom61212/bin/cmake-install/cmake-3.15.5/bin/cmake)
/home/tom61212/bin/cmake-install/cmake-3.15.5/bin/cmake: /usr/lib64/libcrypto.so.10: no version information available (required by /home/tom61212/bin/cmake-install/cmake-3.15.5/bin/cmake)
[ 72%] Building CXX object CMakeFiles/MARS.dir/MATRIX.cpp.o
/home/tom61212/bin/cmake-install/cmake-3.15.5/bin/cmake: /usr/lib64/libssl.so.10: no version information available (required by /home/tom61212/bin/cmake-install/cmake-3.15.5/bin/cmake)
/home/tom61212/bin/cmake-install/cmake-3.15.5/bin/cmake: /usr/lib64/libcrypto.so.10: no version information available (required by /home/tom61212/bin/cmake-install/cmake-3.15.5/bin/cmake)
/home/tom61212/bin/cmake-install/cmake-3.15.5/bin/cmake: /usr/lib64/libcrypto.so.10: no version information available (required by /home/tom61212/bin/cmake-install/cmake-3.15.5/bin/cmake)
[ 81%] Building CXX object CMakeFiles/MARS.dir/OPT.cpp.o
/home/tom61212/bin/cmake-install/cmake-3.15.5/bin/cmake: /usr/lib64/libssl.so.10: no version information available (required by /home/tom61212/bin/cmake-install/cmake-3.15.5/bin/cmake)
/home/tom61212/bin/cmake-install/cmake-3.15.5/bin/cmake: /usr/lib64/libcrypto.so.10: no version information available (required by /home/tom61212/bin/cmake-install/cmake-3.15.5/bin/cmake)
/home/tom61212/bin/cmake-install/cmake-3.15.5/bin/cmake: /usr/lib64/libcrypto.so.10: no version information available (required by /home/tom61212/bin/cmake-install/cmake-3.15.5/bin/cmake)
[ 90%] Building CXX object CMakeFiles/MARS.dir/main.cpp.o
/home/tom61212/bin/cmake-install/cmake-3.15.5/bin/cmake: /usr/lib64/libssl.so.10: no version information available (required by /home/tom61212/bin/cmake-install/cmake-3.15.5/bin/cmake)
/home/tom61212/bin/cmake-install/cmake-3.15.5/bin/cmake: /usr/lib64/libcrypto.so.10: no version information available (required by /home/tom61212/bin/cmake-install/cmake-3.15.5/bin/cmake)
/home/tom61212/bin/cmake-install/cmake-3.15.5/bin/cmake: /usr/lib64/libcrypto.so.10: no version information available (required by /home/tom61212/bin/cmake-install/cmake-3.15.5/bin/cmake)
[100%] Linking CXX executable MARS
/home/tom61212/bin/cmake-install/cmake-3.15.5/bin/cmake: /usr/lib64/libssl.so.10: no version information available (required by /home/tom61212/bin/cmake-install/cmake-3.15.5/bin/cmake)
/home/tom61212/bin/cmake-install/cmake-3.15.5/bin/cmake: /usr/lib64/libcrypto.so.10: no version information available (required by /home/tom61212/bin/cmake-install/cmake-3.15.5/bin/cmake)
/home/tom61212/bin/cmake-install/cmake-3.15.5/bin/cmake: /usr/lib64/libcrypto.so.10: no version information available (required by /home/tom61212/bin/cmake-install/cmake-3.15.5/bin/cmake)
/home/tom61212/bin/cmake-install/cmake-3.15.5/bin/cmake: /usr/lib64/libssl.so.10: no version information available (required by /home/tom61212/bin/cmake-install/cmake-3.15.5/bin/cmake)
/home/tom61212/bin/cmake-install/cmake-3.15.5/bin/cmake: /usr/lib64/libcrypto.so.10: no version information available (required by /home/tom61212/bin/cmake-install/cmake-3.15.5/bin/cmake)
/home/tom61212/bin/cmake-install/cmake-3.15.5/bin/cmake: /usr/lib64/libcrypto.so.10: no version information available (required by /home/tom61212/bin/cmake-install/cmake-3.15.5/bin/cmake)
[100%] Built target MARS
/home/tom61212/bin/cmake-install/cmake-3.15.5/bin/cmake: /usr/lib64/libssl.so.10: no version information available (required by /home/tom61212/bin/cmake-install/cmake-3.15.5/bin/cmake)
/home/tom61212/bin/cmake-install/cmake-3.15.5/bin/cmake: /usr/lib64/libcrypto.so.10: no version information available (required by /home/tom61212/bin/cmake-install/cmake-3.15.5/bin/cmake)
/home/tom61212/bin/cmake-install/cmake-3.15.5/bin/cmake: /usr/lib64/libcrypto.so.10: no version information available (required by /home/tom61212/bin/cmake-install/cmake-3.15.5/bin/cmake)
*** glibc detected *** ./MARS: double free or corruption (out): 0x00007fff116168c0 ***
======= Backtrace: =========
/lib64/libc.so.6[0x35ef475366]
/lib64/libc.so.6[0x35ef477e93]
./MARS(main+0xc7b)[0x497433]
/lib64/libc.so.6(__libc_start_main+0xfd)[0x35ef41ecdd]
./MARS[0x435439]
======= Memory map: ========
00400000-004af000 r-xp 00000000 00:14 251808644                          /home/tom61212/share/MARS-20201211/MARS
006ae000-006af000 rw-p 000ae000 00:14 251808644                          /home/tom61212/share/MARS-20201211/MARS
01f98000-02c6a000 rw-p 00000000 00:00 0                                  [heap]
35eec00000-35eec20000 r-xp 00000000 08:02 919005                         /lib64/ld-2.12.so
35eee1f000-35eee20000 r--p 0001f000 08:02 919005                         /lib64/ld-2.12.so
35eee20000-35eee21000 rw-p 00020000 08:02 919005                         /lib64/ld-2.12.so
35eee21000-35eee22000 rw-p 00000000 00:00 0 
35ef000000-35ef002000 r-xp 00000000 08:02 919011                         /lib64/libdl-2.12.so
35ef002000-35ef202000 ---p 00002000 08:02 919011                         /lib64/libdl-2.12.so
35ef202000-35ef203000 r--p 00002000 08:02 919011                         /lib64/libdl-2.12.so
35ef203000-35ef204000 rw-p 00003000 08:02 919011                         /lib64/libdl-2.12.so
35ef400000-35ef589000 r-xp 00000000 08:02 919006                         /lib64/libc-2.12.so
35ef589000-35ef788000 ---p 00189000 08:02 919006                         /lib64/libc-2.12.so
35ef788000-35ef78c000 r--p 00188000 08:02 919006                         /lib64/libc-2.12.so
35ef78c000-35ef78d000 rw-p 0018c000 08:02 919006                         /lib64/libc-2.12.so
35ef78d000-35ef792000 rw-p 00000000 00:00 0 
35efc00000-35efc15000 r-xp 00000000 08:02 919023                         /lib64/libz.so.1.2.3
35efc15000-35efe14000 ---p 00015000 08:02 919023                         /lib64/libz.so.1.2.3
35efe14000-35efe15000 r--p 00014000 08:02 919023                         /lib64/libz.so.1.2.3
35efe15000-35efe16000 rw-p 00015000 08:02 919023                         /lib64/libz.so.1.2.3
35f0000000-35f0083000 r-xp 00000000 08:02 919021                         /lib64/libm-2.12.so
35f0083000-35f0282000 ---p 00083000 08:02 919021                         /lib64/libm-2.12.so
35f0282000-35f0283000 r--p 00082000 08:02 919021                         /lib64/libm-2.12.so
35f0283000-35f0284000 rw-p 00083000 08:02 919021                         /lib64/libm-2.12.so
35f2000000-35f2002000 r-xp 00000000 08:02 2231716                        /usr/lib64/libXau.so.6.0.0
35f2002000-35f2202000 ---p 00002000 08:02 2231716                        /usr/lib64/libXau.so.6.0.0
35f2202000-35f2203000 rw-p 00002000 08:02 2231716                        /usr/lib64/libXau.so.6.0.0
35f2800000-35f281b000 r-xp 00000000 08:02 2232292                        /usr/lib64/libxcb.so.1.1.0
35f281b000-35f2a1a000 ---p 0001b000 08:02 2232292                        /usr/lib64/libxcb.so.1.1.0
35f2a1a000-35f2a1b000 rw-p 0001a000 08:02 2232292                        /usr/lib64/libxcb.so.1.1.0
35f2c00000-35f2d39000 r-xp 00000000 08:02 2232900                        /usr/lib64/libX11.so.6.3.0
35f2d39000-35f2f39000 ---p 00139000 08:02 2232900                        /usr/lib64/libX11.so.6.3.0
35f2f39000-35f2f3f000 rw-p 00139000 08:02 2232900                        /usr/lib64/libX11.so.6.3.0
35f3400000-35f3426000 r-xp 00000000 08:02 919022                         /lib64/libexpat.so.1.5.2
35f3426000-35f3625000 ---p 00026000 08:02 919022                         /lib64/libexpat.so.1.5.2
35f3625000-35f3628000 rw-p 00025000 08:02 919022                         /lib64/libexpat.so.1.5.2
35f3c00000-35f3c98000 r-xp 00000000 08:02 2233149                        /usr/lib64/libfreetype.so.6.3.22
35f3c98000-35f3e97000 ---p 00098000 08:02 2233149                        /usr/lib64/libfreetype.so.6.3.22
35f3e97000-35f3e9d000 rw-p 00097000 08:02 2233149                        /usr/lib64/libfreetype.so.6.3.22
35f4400000-35f4434000 r-xp 00000000 08:02 2231598                        /usr/lib64/libfontconfig.so.1.4.4
35f4434000-35f4634000 ---p 00034000 08:02 2231598                        /usr/lib64/libfontconfig.so.1.4.4
35f4634000-35f4636000 rw-p 00034000 08:02 2231598                        /usr/lib64/libfontconfig.so.1.4.4
35f4800000-35f4825000 r-xp 00000000 08:02 2234982                        /usr/lib64/libpng12.so.0.49.0
35f4825000-35f4a25000 ---p 00025000 08:02 2234982                        /usr/lib64/libpng12.so.0.49.0
35f4a25000-35f4a26000 rw-p 00025000 08:02 2234982                        /usr/lib64/libpng12.so.0.49.0
35f5000000-35f5009000 r-xp 00000000 08:02 2232904                        /usr/lib64/libXrender.so.1.3.0
35f5009000-35f5209000 ---p 00009000 08:02 2232904                        /usr/lib64/libXrender.so.1.3.0
35f5209000-35f520a000 rw-p 00009000 08:02 2232904                        /usr/lib64/libXrender.so.1.3.0
35f8000000-35f8076000 r-xp 00000000 08:02 2232908                        /usr/lib64/libcairo.so.2.10800.8
35f8076000-35f8276000 ---p 00076000 08:02 2232908                        /usr/lib64/libcairo.so.2.10800.8
35f8276000-35f8279000 rw-p 00076000 08:02 2232908                        /usr/lib64/libcairo.so.2.10800.8
35f8400000-35f845d000 r-xp 00000000 08:02 2250189                        /usr/lib64/libpixman-1.so.0.18.4
35f845d000-35f865d000 ---p 0005d000 08:02 2250189                        /usr/lib64/libpixman-1.so.0.18.4
35f865d000-35f8661000 rw-p 0005d000 08:02 2250189                        /usr/lib64/libpixman-1.so.0.18.4
35fa000000-35fa147000 r-xp 00000000 08:02 2246993                        /usr/lib64/libxml2.so.2.7.6
35fa147000-35fa346000 ---p 00147000 08:02 2246993                        /usr/lib64/libxml2.so.2.7.6
35fa346000-35fa350000 rw-p 00146000 08:02 2246993                        /usr/lib64/libxml2.so.2.7.6
35fa350000-35fa351000 rw-p 00000000 00:00 0 
2abe1611e000-2abe16120000 rw-p 00000000 00:00 0 
2abe16120000-2abe16372000 r-xp 00000000 00:14 350534309                  /home/akitainu/bin/openbabel-install/lib/libopenbabel.so.5.0.0
2abe16372000-2abe16571000 ---p 00252000 00:14 350534309                  /home/akitainu/bin/openbabel-install/lib/libopenbabel.so.5.0.0
2abe16571000-2abe1657b000 rw-p 00251000 00:14 350534309                  /home/akitainu/bin/openbabel-install/lib/libopenbabel.so.5.0.0
2abe1657b000-2abe1657d000 rw-p 00000000 00:00 0 
2abe1657d000-2abe1675a000 r-xp 00000000 00:14 254205532                  /home/tom61212/bin/gcc920/lib64/libstdc++.so.6.0.27
2abe1675a000-2abe16959000 ---p 001dd000 00:14 254205532                  /home/tom61212/bin/gcc920/lib64/libstdc++.so.6.0.27
2abe16959000-2abe16964000 r--p 001dc000 00:14 254205532                  /home/tom61212/bin/gcc920/lib64/libstdc++.so.6.0.27
2abe16964000-2abe16967000 rw-p 001e7000 00:14 254205532                  /home/tom61212/bin/gcc920/lib64/libstdc++.so.6.0.27
2abe16967000-2abe1696a000 rw-p 00000000 00:00 0 
2abe16981000-2abe16982000 rw-p 00000000 00:00 0 
2abe16982000-2abe16999000 r-xp 00000000 00:14 254205509                  /home/tom61212/bin/gcc920/lib64/libgcc_s.so.1
2abe16999000-2abe16b98000 ---p 00017000 00:14 254205509                  /home/tom61212/bin/gcc920/lib64/libgcc_s.so.1
2abe16b98000-2abe16b99000 rw-p 00016000 00:14 254205509                  /home/tom61212/bin/gcc920/lib64/libgcc_s.so.1
2abe16b99000-2abe16ca0000 rw-p 00000000 00:00 0 
2abe16ca0000-2abe16ca7000 r-xp 00000000 00:14 350626300                  /home/akitainu/bin/openbabel-install/lib/openbabel/2.4.1/pwscfformat.so
2abe16ca7000-2abe16ea6000 ---p 00007000 00:14 350626300                  /home/akitainu/bin/openbabel-install/lib/openbabel/2.4.1/pwscfformat.so
2abe16ea6000-2abe16ea7000 rw-p 00006000 00:14 350626300                  /home/akitainu/bin/openbabel-install/lib/openbabel/2.4.1/pwscfformat.so
2abe16ebe000-2abe16fb6000 r-xp 00000000 00:14 350534321                  /home/akitainu/bin/openbabel-install/lib/libinchi.so.0.4.1
2abe16fb6000-2abe171b5000 ---p 000f8000 00:14 350534321                  /home/akitainu/bin/openbabel-install/lib/libinchi.so.0.4.1
2abe171b5000-2abe171cb000 rw-p 000f7000 00:14 350534321                  /home/akitainu/bin/openbabel-install/lib/libinchi.so.0.4.1
2abe171cb000-2abe171dc000 r-xp 00000000 00:14 350626257                  /home/akitainu/bin/openbabel-install/lib/openbabel/2.4.1/plugin_descriptors.so
2abe171dc000-2abe173db000 ---p 00011000 00:14 350626257                  /home/akitainu/bin/openbabel-install/lib/openbabel/2.4.1/plugin_descriptors.so
2abe173db000-2abe173dc000 rw-p 00010000 00:14 350626257                  /home/akitainu/bin/openbabel-install/lib/openbabel/2.4.1/plugin_descriptors.so
2abe173dc000-2abe173dd000 rw-p 00000000 00:00 0 
2abe173dd000-2abe173e3000 r-xp 00000000 00:14 350626338                  /home/akitainu/bin/openbabel-install/lib/openbabel/2.4.1/ghemicalformat.so
2abe173e3000-2abe175e3000 ---p 00006000 00:14 350626338                  /home/akitainu/bin/openbabel-install/lib/openbabel/2.4.1/ghemicalformat.so
2abe175e3000-2abe175e4000 rw-p 00006000 00:14 350626338                  /home/akitainu/bin/openbabel-install/lib/openbabel/2.4.1/ghemicalformat.so
2abe175e4000-2abe175f2000 r-xp 00000000 00:14 350626342                  /home/akitainu/bin/openbabel-install/lib/openbabel/2.4.1/lpmdformat.so
2abe175f2000-2abe177f1000 ---p 0000e000 00:14 350626342                  /home/akitainu/bin/openbabel-install/lib/openbabel/2.4.1/lpmdformat.so
2abe177f1000-2abe177f2000 rw-p 0000d000 00:14 350626342                  /home/akitainu/bin/openbabel-install/lib/openbabel/2.4.1/lpmdformat.so
2abe177f2000-2abe177fa000 rw-p 00000000 00:00 0 
2abe177fa000-2abe17805000 r-xp 00000000 00:14 350626275                  /home/akitainu/bin/openbabel-install/lib/openbabel/2.4.1/svgformat.so
2abe17805000-2abe17a04000 ---p 0000b000 00:14 350626275                  /home/akitainu/bin/openbabel-install/lib/openbabel/2.4.1/svgformat.so
2abe17a04000-2abe17a05000 rw-p 0000a000 00:14 350626275                  /home/akitainu/bin/openbabel-install/lib/openbabel/2.4.1/svgformat.so
2abe17a05000-2abe17a0e000 r-xp 00000000 00:14 350626372                  /home/akitainu/bin/openbabel-install/lib/openbabel/2.4.1/xtcformat.so
2abe17a0e000-2abe17c0e000 ---p 00009000 00:14 350626372                  /home/akitainu/bin/openbabel-install/lib/openbabel/2.4.1/xtcformat.so
2abe17c0e000-2abe17c0f000 rw-p 00009000 00:14 350626372                  /home/akitainu/bin/openbabel-install/lib/openbabel/2.4.1/xtcformat.so
2abe17c0f000-2abe17c14000 r-xp 00000000 00:14 350626310                  /home/akitainu/bin/openbabel-install/lib/openbabel/2.4.1/CSRformat.so
2abe17c14000-2abe17e13000 ---p 00005000 00:14 350626310                  /home/akitainu/bin/openbabel-install/lib/openbabel/2.4.1/CSRformat.so
2abe17e13000-2abe17e14000 rw-p 00004000 00:14 350626310                  /home/akitainu/bin/openbabel-install/lib/openbabel/2.4.1/CSRformat.so
2abe17e14000-2abe17e19000 r-xp 00000000 00:14 350626365                  /home/akitainu/bin/openbabel-install/lib/openbabel/2.4.1/xedformat.so
2abe17e19000-2abe18019000 ---p 00005000 00:14 350626365                  /home/akitainu/bin/openbabel-install/lib/openbabel/2.4.1/xedformat.so
2abe18019000-2abe1801a000 rw-p 00005000 00:14 350626365                  /home/akitainu/bin/openbabel-install/lib/openbabel/2.4.1/xedformat.so
2abe1801a000-2abe18022000 r-xp 00000000 00:14 350626274                  /home/akitainu/bin/openbabel-install/lib/openbabel/2.4.1/reportformat.so
2abe18022000-2abe18221000 ---p 00008000 00:14 350626274                  /home/akitainu/bin/openbabel-install/lib/openbabel/2.4.1/reportformat.so
2abe18221000-2abe18222000 rw-p 00007000 00:14 350626274                  /home/akitainu/bin/openbabel-install/lib/openbabel/2.4.1/reportformat.so
2abe18222000-2abe1822e000 r-xp 00000000 00:14 350626264                  /home/akitainu/bin/openbabel-install/lib/openbabel/2.4.1/mol2format.so
2abe1822e000-2abe1842e000 ---p 0000c000 00:14 350626264                  /home/akitainu/bin/openbabel-install/lib/openbabel/2.4.1/mol2format.so
2abe1842e000-2abe1842f000 rw-p 0000c000 00:14 350626264                  /home/akitainu/bin/openbabel-install/lib/openbabel/2.4.1/mol2format.so
2abe1842f000-2abe18441000 r-xp 00000000 00:14 350626359                  /home/akitainu/bin/openbabel-install/lib/openbabel/2.4.1/smileyformat.so
2abe18441000-2abe18641000 ---p 00012000 00:14 350626359                  /home/akitainu/bin/openbabel-install/lib/openbabel/2.4.1/smileyformat.so
2abe18641000-2abe18642000 rw-p 00012000 00:14 350626359                  /home/akitainu/bin/openbabel-install/lib/openbabel/2.4.1/smileyformat.so
2abe18642000-2abe18655000 r-xp 00000000 00:14 350626312                  /home/akitainu/bin/openbabel-install/lib/openbabel/2.4.1/MCDLformat.so
2abe18655000-2abe18855000 ---p 00013000 00:14 350626312                  /home/akitainu/bin/openbabel-install/lib/openbabel/2.4.1/MCDLformat.so
2abe18855000-2abe18856000 rw-p 00013000 00:14 350626312                  /home/akitainu/bin/openbabel-install/lib/openbabel/2.4.1/MCDLformat.so
2abe18856000-2abe18857000 rw-p 00000000 00:00 0 
2abe18857000-2abe18861000 r-xp 00000000 00:14 350626376                  /home/akitainu/bin/openbabel-install/lib/openbabel/2.4.1/pubchem.so
2abe18861000-2abe18a61000 ---p 0000a000 00:14 350626376                  /home/akitainu/bin/openbabel-install/lib/openbabel/2.4.1/pubchem.so
2abe18a61000-2abe18a62000 rw-p 0000a000 00:14 350626376                  /home/akitainu/bin/openbabel-install/lib/openbabel/2.4.1/pubchem.so
2abe18a62000-2abe18a6f000 r-xp 00000000 00:14 350626329                  /home/akitainu/bin/openbabel-install/lib/openbabel/2.4.1/dlpolyformat.so
2abe18a6f000-2abe18c6f000 ---p 0000d000 00:14 350626329                  /home/akitainu/bin/openbabel-install/lib/openbabel/2.4.1/dlpolyformat.so
2abe18c6f000-2abe18c70000 rw-p 0000d000 00:14 350626329                  /home/akitainu/bin/openbabel-install/lib/openbabel/2.4.1/dlpolyformat.so
2abe18c70000-2abe18c80000 rw-p 00000000 00:00 0 
2abe18c80000-2abe18c8c000 r-xp 00000000 00:14 350626357                  /home/akitainu/bin/openbabel-install/lib/openbabel/2.4.1/pqrformat.so
2abe18c8c000-2abe18e8b000 ---p 0000c000 00:14 350626357                  /home/akitainu/bin/openbabel-install/lib/openbabel/2.4.1/pqrformat.so
2abe18e8b000-2abe18e8c000 rw-p 0000b000 00:14 350626357                  /home/akitainu/bin/openbabel-install/lib/openbabel/2.4.1/pqrformat.so
2abe18e8c000-2abe18e92000 r-xp 00000000 00:14 350626363                  /home/akitainu/bin/openbabel-install/lib/openbabel/2.4.1/unichemformat.so
2abe18e92000-2abe19091000 ---p 00006000 00:14 350626363                  /home/akitainu/bin/openbabel-install/lib/openbabel/2.4.1/unichemformat.so
2abe19091000-2abe19092000 rw-p 00005000 00:14 350626363                  /home/akitainu/bin/openbabel-install/lib/openbabel/2.4.1/unichemformat.so
2abe19092000-2abe190a9000 r-xp 00000000 00:14 350626266                  /home/akitainu/bin/openbabel-install/lib/openbabel/2.4.1/inchiformat.so
2abe190a9000-2abe192a8000 ---p 00017000 00:14 350626266                  /home/akitainu/bin/openbabel-install/lib/openbabel/2.4.1/inchiformat.so
2abe192a8000-2abe192aa000 rw-p 00016000 00:14 350626266                  /home/akitainu/bin/openbabel-install/lib/openbabel/2.4.1/inchiformat.so
2abe192aa000-2abe192dc000 r-xp 00000000 00:14 350626261                  /home/akitainu/bin/openbabel-install/lib/openbabel/2.4.1/plugin_charges.so
2abe192dc000-2abe194db000 ---p 00032000 00:14 350626261                  /home/akitainu/bin/openbabel-install/lib/openbabel/2.4.1/plugin_charges.so
2abe194db000-2abe194dd000 rw-p 00031000 00:14 350626261                  /home/akitainu/bin/openbabel-install/lib/openbabel/2.4.1/plugin_charges.so
2abe194dd000-2abe194ee000 r-xp 00000000 00:14 350626369                  /home/akitainu/bin/openbabel-install/lib/openbabel/2.4.1/chemdrawcdx.so
2abe194ee000-2abe196ee000 ---p 00011000 00:14 350626369                  /home/akitainu/bin/openbabel-install/lib/openbabel/2.4.1/chemdrawcdx.so
2abe196ee000-2abe196ef000 rw-p 00011000 00:14 350626369                  /home/akitainu/bin/openbabel-install/lib/openbabel/2.4.1/chemdrawcdx.so
2abe196ef000-2abe196f4000 r-xp 00000000 00:14 350626270                  /home/akitainu/bin/openbabel-install/lib/openbabel/2.4.1/molreport.so
2abe196f4000-2abe198f4000 ---p 00005000 00:14 350626270                  /home/akitainu/bin/openbabel-install/lib/openbabel/2.4.1/molreport.so
2abe198f4000-2abe198f5000 rw-p 00005000 00:14 350626270                  /home/akitainu/bin/openbabel-install/lib/openbabel/2.4.1/molreport.so
2abe198f5000-2abe198fa000 r-xp 00000000 00:14 350626350                  /home/akitainu/bin/openbabel-install/lib/openbabel/2.4.1/msmsformat.so
2abe198fa000-2abe19af9000 ---p 00005000 00:14 350626350                  /home/akitainu/bin/openbabel-install/lib/openbabel/2.4.1/msmsformat.so
2abe19af9000-2abe19afa000 rw-p 00004000 00:14 350626350                  /home/akitainu/bin/openbabel-install/lib/openbabel/2.4.1/msmsformat.so
2abe19afa000-2abe19b21000 r-xp 00000000 00:14 350626375                  /home/akitainu/bin/openbabel-install/lib/openbabel/2.4.1/cmlformat.so
2abe19b21000-2abe19d20000 ---p 00027000 00:14 350626375                  /home/akitainu/bin/openbabel-install/lib/openbabel/2.4.1/cmlformat.so
2abe19d20000-2abe19d22000 rw-p 00026000 00:14 350626375                  /home/akitainu/bin/openbabel-install/lib/openbabel/2.4.1/cmlformat.so
2abe19d22000-2abe19d2c000 r-xp 00000000 00:14 350626285                  /home/akitainu/bin/openbabel-install/lib/openbabel/2.4.1/crystal09format.so
2abe19d2c000-2abe19f2c000 ---p 0000a000 00:14 350626285                  /home/akitainu/bin/openbabel-install/lib/openbabel/2.4.1/crystal09format.so
2abe19f2c000-2abe19f2d000 rw-p 0000a000 00:14 350626285                  /home/akitainu/bin/openbabel-install/lib/openbabel/2.4.1/crystal09format.so
2abe19f2d000-2abe19f37000 r-xp 00000000 00:14 350626267                  /home/akitainu/bin/openbabel-install/lib/openbabel/2.4.1/asciiformat.so
2abe19f37000-2abe1a136000 ---p 0000a000 00:14 350626267                  /home/akitainu/bin/openbabel-install/lib/openbabel/2.4.1/asciiformat.so
2abe1a136000-2abe1a137000 rw-p 00009000 00:14 350626267                  /home/akitainu/bin/openbabel-install/lib/openbabel/2.4.1/asciiformat.so
2abe1a137000-2abe1a14c000 r-xp 00000000 00:14 350626378                  /home/akitainu/bin/openbabel-install/lib/openbabel/2.4.1/cmlreactformat.so
2abe1a14c000-2abe1a34b000 ---p 00015000 00:14 350626378                  /home/akitainu/bin/openbabel-install/lib/openbabel/2.4.1/cmlreactformat.so
2abe1a34b000-2abe1a34d000 rw-p 00014000 00:14 350626378                  /home/akitainu/bin/openbabel-install/lib/openbabel/2.4.1/cmlreactformat.so
2abe1a34d000-2abe1a35d000 r-xp 00000000 00:14 350626288                  /home/akitainu/bin/openbabel-install/lib/openbabel/2.4.1/fchkformat.so
2abe1a35d000-2abe1a55c000 ---p 00010000 00:14 350626288                  /home/akitainu/bin/openbabel-install/lib/openbabel/2.4.1/fchkformat.so
2abe1a55c000-2abe1a55d000 rw-p 0000f000 00:14 350626288                  /home/akitainu/bin/openbabel-install/lib/openbabel/2.4.1/fchkformat.so
2abe1a55d000-2abe1a563000 r-xp 00000000 00:14 350626347                  /home/akitainu/bin/openbabel-install/lib/openbabel/2.4.1/mpdformat.so
2abe1a563000-2abe1a762000 ---p 00006000 00:14 350626347                  /home/akitainu/bin/openbabel-install/lib/openbabel/2.4.1/mpdformat.so
2abe1a762000-2abe1a763000 rw-p 00005000 00:14 350626347                  /home/akitainu/bin/openbabel-install/lib/openbabel/2.4.1/mpdformat.so
2abe1a763000-2abe1a768000 r-xp 00000000 00:14 350626277                  /home/akitainu/bin/openbabel-install/lib/openbabel/2.4.1/titleformat.so
2abe1a768000-2abe1a967000 ---p 00005000 00:14 350626277                  /home/akitainu/bin/openbabel-install/lib/openbabel/2.4.1/titleformat.so
2abe1a967000-2abe1a968000 rw-p 00004000 00:14 350626277                  /home/akitainu/bin/openbabel-install/lib/openbabel/2.4.1/titleformat.so
2abe1a968000-2abe1a973000 r-xp 00000000 00:14 350626374                  /home/akitainu/bin/openbabel-install/lib/openbabel/2.4.1/cdxmlformat.so
2abe1a973000-2abe1ab73000 ---p 0000b000 00:14 350626374                  /home/akitainu/bin/openbabel-install/lib/openbabel/2.4.1/cdxmlformat.so
2abe1ab73000-2abe1ab74000 rw-p 0000b000 00:14 350626374                  /home/akitainu/bin/openbabel-install/lib/openbabel/2.4.1/cdxmlformat.so
2abe1ab74000-2abe1ab79000 r-xp 00000000 00:14 350626322                  /home/akitainu/bin/openbabel-install/lib/openbabel/2.4.1/cccformat.so
2abe1ab79000-2abe1ad79000 ---p 00005000 00:14 350626322                  /home/akitainu/bin/openbabel-install/lib/openbabel/2.4.1/cccformat.so
2abe1ad79000-2abe1ad7a000 rw-p 00005000 00:14 350626322                  /home/akitainu/bin/openbabel-install/lib/openbabel/2.4.1/cccformat.so
2abe1ad7a000-2abe1ad9f000 r-xp 00000000 00:14 350626326                  /home/akitainu/bin/openbabel-install/lib/openbabel/2.4.1/cifformat.so
2abe1ad9f000-2abe1af9f000 ---p 00025000 00:14 350626326                  /home/akitainu/bin/openbabel-install/lib/openbabel/2.4.1/cifformat.so
2abe1af9f000-2abe1afa0000 rw-p 00025000 00:14 350626326                  /home/akitainu/bin/openbabel-install/lib/openbabel/2.4.1/cifformat.so
2abe1afa0000-2abe1afce000 r-xp 00000000 00:14 350626262                  /home/akitainu/bin/openbabel-install/lib/openbabel/2.4.1/smilesformat.so
2abe1afce000-2abe1b1cd000 ---p 0002e000 00:14 350626262                  /home/akitainu/bin/openbabel-install/lib/openbabel/2.4.1/smilesformat.so
2abe1b1cd000-2abe1b1cf000 rw-p 0002d000 00:14 350626262                  /home/akitainu/bin/openbabel-install/lib/openbabel/2.4.1/smilesformat.so
2abe1b1cf000-2abe1b1d7000 r-xp 00000000 00:14 350626361                  /home/akitainu/bin/openbabel-install/lib/openbabel/2.4.1/thermoformat.so
2abe1b1d7000-2abe1b3d6000 ---p 00008000 00:14 350626361                  /home/akitainu/bin/openbabel-install/lib/openbabel/2.4.1/thermoformat.so
2abe1b3d6000-2abe1b3d7000 rw-p 00007000 00:14 350626361                  /home/akitainu/bin/openbabel-install/lib/openbabel/2.4.1/thermoformat.so
2abe1b3d7000-2abe1b3dd000 r-xp 00000000 00:14 350626358                  /home/akitainu/bin/openbabel-install/lib/openbabel/2.4.1/shelxformat.so
2abe1b3dd000-2abe1b5dc000 ---p 00006000 00:14 350626358                  /home/akitainu/bin/openbabel-install/lib/openbabel/2.4.1/shelxformat.so
2abe1b5dc000-2abe1b5dd000 rw-p 00005000 00:14 350626358                  /home/akitainu/bin/openbabel-install/lib/openbabel/2.4.1/shelxformat.so
2abe1b5dd000-2abe1b620000 r-xp 00000000 00:14 350626260                  /home/akitainu/bin/openbabel-install/lib/openbabel/2.4.1/plugin_ops.so
2abe1b620000-2abe1b81f000 ---p 00043000 00:14 350626260                  /home/akitainu/bin/openbabel-install/lib/openbabel/2.4.1/plugin_ops.so
2abe1b81f000-2abe1b822000 rw-p 00042000 00:14 350626260                  /home/akitainu/bin/openbabel-install/lib/openbabel/2.4.1/plugin_ops.so
2abe1b822000-2abe1b823000 rw-p 00000000 00:00 0 
2abe1b823000-2abe1b829000 r-xp 00000000 00:14 350626318                  /home/akitainu/bin/openbabel-install/lib/openbabel/2.4.1/boxformat.so
2abe1b829000-2abe1ba29000 ---p 00006000 00:14 350626318                  /home/akitainu/bin/openbabel-install/lib/openbabel/2.4.1/boxformat.so
2abe1ba29000-2abe1ba2a000 rw-p 00006000 00:14 350626318                  /home/akitainu/bin/openbabel-install/lib/openbabel/2.4.1/boxformat.so
2abe1ba2a000-2abe1ba4f000 r-xp 00000000 00:14 350626291                  /home/akitainu/bin/openbabel-install/lib/openbabel/2.4.1/gaussformat.so
2abe1ba4f000-2abe1bc4f000 ---p 00025000 00:14 350626291                  /home/akitainu/bin/openbabel-install/lib/openbabel/2.4.1/gaussformat.so
2abe1bc4f000-2abe1bc50000 rw-p 00025000 00:14 350626291                  /home/akitainu/bin/openbabel-install/lib/openbabel/2.4.1/gaussformat.so
2abe1bc50000-2abe1bc56000 r-xp 00000000 00:14 350626313                  /home/akitainu/bin/openbabel-install/lib/openbabel/2.4.1/alchemyformat.so
2abe1bc56000-2abe1be56000 ---p 00006000 00:14 350626313                  /home/akitainu/bin/openbabel-install/lib/openbabel/2.4.1/alchemyformat.so
2abe1be56000-2abe1be57000 rw-p 00006000 00:14 350626313                  /home/akitainu/bin/openbabel-install/lib/openbabel/2.4.1/alchemyformat.so
2abe1be57000-2abe1be66000 r-xp 00000000 00:14 350626282                  /home/akitainu/bin/openbabel-install/lib/openbabel/2.4.1/adfformat.so
2abe1be66000-2abe1c066000 ---p 0000f000 00:14 350626282                  /home/akitainu/bin/openbabel-install/lib/openbabel/2.4.1/adfformat.so
2abe1c066000-2abe1c067000 rw-p 0000f000 00:14 350626282                  /home/akitainu/bin/openbabel-install/lib/openbabel/2.4.1/adfformat.so
2abe1c067000-2abe1c075000 r-xp 00000000 00:14 350626331                  /home/akitainu/bin/openbabel-install/lib/openbabel/2.4.1/fastsearchformat.so
2abe1c075000-2abe1c274000 ---p 0000e000 00:14 350626331                  /home/akitainu/bin/openbabel-install/lib/openbabel/2.4.1/fastsearchformat.so
2abe1c274000-2abe1c275000 rw-p 0000d000 00:14 350626331                  /home/akitainu/bin/openbabel-install/lib/openbabel/2.4.1/fastsearchformat.so
2abe1c275000-2abe1c2a2000 r-xp 00000000 00:14 350626379                  /home/akitainu/bin/openbabel-install/lib/openbabel/2.4.1/chemdoodlejsonformat.so
2abe1c2a2000-2abe1c4a1000 ---p 0002d000 00:14 350626379                  /home/akitainu/bin/openbabel-install/lib/openbabel/2.4.1/chemdoodlejsonformat.so
2abe1c4a1000-2abe1c4a3000 rw-p 0002c000 00:14 350626379                  /home/akitainu/bin/openbabel-install/lib/openbabel/2.4.1/chemdoodlejsonformat.so
2abe1c4a3000-2abe1c4aa000 r-xp 00000000 00:14 350626323                  /home/akitainu/bin/openbabel-install/lib/openbabel/2.4.1/chem3dformat.so
2abe1c4aa000-2abe1c6aa000 ---p 00007000 00:14 350626323                  /home/akitainu/bin/openbabel-install/lib/openbabel/2.4.1/chem3dformat.so
2abe1c6aa000-2abe1c6ab000 rw-p 00007000 00:14 350626323                  /home/akitainu/bin/openbabel-install/lib/openbabel/2.4.1/chem3dformat.so
2abe1c6ab000-2abe1c6b1000 r-xp 00000000 00:14 350626324                  /home/akitainu/bin/openbabel-install/lib/openbabel/2.4.1/chemdrawct.so
2abe1c6b1000-2abe1c8b0000 ---p 00006000 00:14 350626324                  /home/akitainu/bin/openbabel-install/lib/openbabel/2.4.1/chemdrawct.so
2abe1c8b0000-2abe1c8b1000 rw-p 00005000 00:14 350626324                  /home/akitainu/bin/openbabel-install/lib/openbabel/2.4.1/chemdrawct.so
2abe1c8b1000-2abe1c8b8000 r-xp 00000000 00:14 350626362                  /home/akitainu/bin/openbabel-install/lib/openbabel/2.4.1/tinkerformat.so
2abe1c8b8000-2abe1cab8000 ---p 00007000 00:14 350626362                  /home/akitainu/bin/openbabel-install/lib/openbabel/2.4.1/tinkerformat.so
2abe1cab8000-2abe1cab9000 rw-p 00007000 00:14 350626362                  /home/akitainu/bin/openbabel-install/lib/openbabel/2.4.1/tinkerformat.so
2abe1cab9000-2abe1cac1000 r-xp 00000000 00:14 350626296                  /home/akitainu/bin/openbabel-install/lib/openbabel/2.4.1/jaguarformat.so
2abe1cac1000-2abe1ccc0000 ---p 00008000 00:14 350626296                  /home/akitainu/bin/openbabel-install/lib/openbabel/2.4.1/jaguarformat.so
2abe1ccc0000-2abe1ccc1000 rw-p 00007000 00:14 350626296                  /home/akitainu/bin/openbabel-install/lib/openbabel/2.4.1/jaguarformat.so
2abe1ccc1000-2abe1ccc9000 r-xp 00000000 00:14 350626366                  /home/akitainu/bin/openbabel-install/lib/openbabel/2.4.1/xyzformat.so
2abe1ccc9000-2abe1cec8000 ---p 00008000 00:14 350626366                  /home/akitainu/bin/openbabel-install/lib/openbabel/2.4.1/xyzformat.so
2abe1cec8000-2abe1cec9000 rw-p 00007000 00:14 350626366                  /home/akitainu/bin/openbabel-install/lib/openbabel/2.4.1/xyzformat.so
2abe1cec9000-2abe1cecc000 r-xp 00000000 00:14 350626268                  /home/akitainu/bin/openbabel-install/lib/openbabel/2.4.1/copyformat.so
2abe1cecc000-2abe1d0cc000 ---p 00003000 00:14 350626268                  /home/akitainu/bin/openbabel-install/lib/openbabel/2.4.1/copyformat.so
2abe1d0cc000-2abe1d0cd000 rw-p 00003000 00:14 350626268                  /home/akitainu/bin/openbabel-install/lib/openbabel/2.4.1/copyformat.so
2abe1d0cd000-2abe1d0da000 r-xp 00000000 00:14 350626346                  /home/akitainu/bin/openbabel-install/lib/openbabel/2.4.1/moldenformat.so
2abe1d0da000-2abe1d2d9000 ---p 0000d000 00:14 350626346                  /home/akitainu/bin/openbabel-install/lib/openbabel/2.4.1/moldenformat.so
2abe1d2d9000-2abe1d2da000 rw-p 0000c000 00:14 350626346                  /home/akitainu/bin/openbabel-install/lib/openbabel/2.4.1/moldenformat.so
2abe1d2da000-2abe1d2e2000 r-xp 00000000 00:14 350626311                  /home/akitainu/bin/openbabel-install/lib/openbabel/2.4.1/PQSformat.so
2abe1d2e2000-2abe1d4e2000 ---p 00008000 00:14 350626311                  /home/akitainu/bin/openbabel-install/lib/openbabel/2.4.1/PQSformat.so
2abe1d4e2000-2abe1d4e3000 rw-p 00008000 00:14 350626311                  /home/akitainu/bin/openbabel-install/lib/openbabel/2.4.1/PQSformat.so
2abe1d4e3000-2abe1d4ec000 r-xp 00000000 00:14 350626269                  /home/akitainu/bin/openbabel-install/lib/openbabel/2.4.1/MNAformat.so
2abe1d4ec000-2abe1d6ec000 ---p 00009000 00:14 350626269                  /home/akitainu/bin/openbabel-install/lib/openbabel/2.4.1/MNAformat.so
2abe1d6ec000-2abe1d6ed000 rw-p 00009000 00:14 350626269                  /home/akitainu/bin/openbabel-install/lib/openbabel/2.4.1/MNAformat.so
2abe1d6ed000-2abe1d6f3000 r-xp 00000000 00:14 350626321                  /home/akitainu/bin/openbabel-install/lib/openbabel/2.4.1/carformat.so
2abe1d6f3000-2abe1d8f2000 ---p 00006000 00:14 350626321                  /home/akitainu/bin/openbabel-install/lib/openbabel/2.4.1/carformat.so
2abe1d8f2000-2abe1d8f3000 rw-p 00005000 00:14 350626321                  /home/akitainu/bin/openbabel-install/lib/openbabel/2.4.1/carformat.so
2abe1d8f3000-2abe1d8f9000 r-xp 00000000 00:14 350626306                  /home/akitainu/bin/openbabel-install/lib/openbabel/2.4.1/zindoformat.so
2abe1d8f9000-2abe1daf8000 ---p 00006000 00:14 350626306                  /home/akitainu/bin/openbabel-install/lib/openbabel/2.4.1/zindoformat.so
2abe1daf8000-2abe1daf9000 rw-p 00005000 00:14 350626306                  /home/akitainu/bin/openbabel-install/lib/openbabel/2.4.1/zindoformat.so
2abe1daf9000-2abe1db0a000 r-xp 00000000 00:14 350626308                  /home/akitainu/bin/openbabel-install/lib/openbabel/2.4.1/orcaformat.so
2abe1db0a000-2abe1dd09000 ---p 00011000 00:14 350626308                  /home/akitainu/bin/openbabel-install/lib/openbabel/2.4.1/orcaformat.so
2abe1dd09000-2abe1dd0a000 rw-p 00010000 00:14 350626308                  /home/akitainu/bin/openbabel-install/lib/openbabel/2.4.1/orcaformat.so
2abe1dd0a000-2abe1dd10000 r-xp 00000000 00:14 350626303                  /home/akitainu/bin/openbabel-install/lib/openbabel/2.4.1/turbomoleformat.so
2abe1dd10000-2abe1df0f000 ---p 00006000 00:14 350626303                  /home/akitainu/bin/openbabel-install/lib/openbabel/2.4.1/turbomoleformat.so
2abe1df0f000-2abe1df10000 rw-p 00005000 00:14 350626303                  /home/akitainu/bin/openbabel-install/lib/openbabel/2.4.1/turbomoleformat.so
2abe1df10000-2abe1df1a000 r-xp 00000000 00:14 350626280                  /home/akitainu/bin/openbabel-install/lib/openbabel/2.4.1/acesformat.so
2abe1df1a000-2abe1e11a000 ---p 0000a000 00:14 350626280                  /home/akitainu/bin/openbabel-install/lib/openbabel/2.4.1/acesformat.so
2abe1e11a000-2abe1e11b000 rw-p 0000a000 00:14 350626280                  /home/akitainu/bin/openbabel-install/lib/openbabel/2.4.1/acesformat.so
2abe1e11b000-2abe1e120000 r-xp 00000000 00:14 350626339                  /home/akitainu/bin/openbabel-install/lib/openbabel/2.4.1/gromos96format.so
2abe1e120000-2abe1e320000 ---p 00005000 00:14 350626339                  /home/akitainu/bin/openbabel-install/lib/openbabel/2.4.1/gromos96format.so
2abe1e320000-2abe1e321000 rw-p 00005000 00:14 350626339                  /home/akitainu/bin/openbabel-install/lib/openbabel/2.4.1/gromos96format.so
2abe1e321000-2abe1e328000 r-xp 00000000 00:14 350626336                  /home/akitainu/bin/openbabel-install/lib/openbabel/2.4.1/fpsformat.so
2abe1e328000-2abe1e528000 ---p 00007000 00:14 350626336                  /home/akitainu/bin/openbabel-install/lib/openbabel/2.4.1/fpsformat.so
2abe1e528000-2abe1e529000 rw-p 00007000 00:14 350626336                  /home/akitainu/bin/openbabel-install/lib/openbabel/2.4.1/fpsformat.so
2abe1e529000-2abe1e52e000 r-xp 00000000 00:14 350626333                  /home/akitainu/bin/openbabel-install/lib/openbabel/2.4.1/featformat.so
2abe1e52e000-2abe1e72e000 ---p 00005000 00:14 350626333                  /home/akitainu/bin/openbabel-install/lib/openbabel/2.4.1/featformat.so
2abe1e72e000-2abe1e72f000 rw-p 00005000 00:14 350626333                  /home/akitainu/bin/openbabel-install/lib/openbabel/2.4.1/featformat.so
2abe1e72f000-2abe1e738000 r-xp 00000000 00:14 350626283                  /home/akitainu/bin/openbabel-install/lib/openbabel/2.4.1/aoforceformat.so
2abe1e738000-2abe1e938000 ---p 00009000 00:14 350626283                  /home/akitainu/bin/openbabel-install/lib/openbabel/2.4.1/aoforceformat.so
2abe1e938000-2abe1e939000 rw-p 00009000 00:14 350626283                  /home/akitainu/bin/openbabel-install/lib/openbabel/2.4.1/aoforceformat.so
2abe1e939000-2abe1e94c000 r-xp 00000000 00:14 350626258                  /home/akitainu/bin/openbabel-install/lib/openbabel/2.4.1/plugin_fingerprints.so
2abe1e94c000-2abe1eb4c000 ---p 00013000 00:14 350626258                  /home/akitainu/bin/openbabel-install/lib/openbabel/2.4.1/plugin_fingerprints.so
2abe1eb4c000-2abe1eb4d000 rw-p 00013000 00:14 350626258                  /home/akitainu/bin/openbabel-install/lib/openbabel/2.4.1/plugin_fingerprints.so
2abe1eb4d000-2abe1eb4e000 rw-p 00000000 00:00 0 
2abe1eb4e000-2abe1eb57000 r-xp 00000000 00:14 350626327                  /home/akitainu/bin/openbabel-install/lib/openbabel/2.4.1/crkformat.so
2abe1eb57000-2abe1ed56000 ---p 00009000 00:14 350626327                  /home/akitainu/bin/openbabel-install/lib/openbabel/2.4.1/crkformat.so
2abe1ed56000-2abe1ed57000 rw-p 00008000 00:14 350626327                  /home/akitainu/bin/openbabel-install/lib/openbabel/2.4.1/crkformat.so
2abe1ed57000-2abe1ed66000 r-xp 00000000 00:14 350626343                  /home/akitainu/bin/openbabel-install/lib/openbabel/2.4.1/mdffformat.so
2abe1ed66000-2abe1ef65000 ---p 0000f000 00:14 350626343                  /home/akitainu/bin/openbabel-install/lib/openbabel/2.4.1/mdffformat.so
2abe1ef65000-2abe1ef66000 rw-p 0000e000 00:14 350626343                  /home/akitainu/bin/openbabel-install/lib/openbabel/2.4.1/mdffformat.so
2abe1ef66000-2abe1ef6e000 r-xp 00000000 00:14 350626368                  /home/akitainu/bin/openbabel-install/lib/openbabel/2.4.1/rxnformat.so
2abe1ef6e000-2abe1f16d000 ---p 00008000 00:14 350626368                  /home/akitainu/bin/openbabel-install/lib/openbabel/2.4.1/rxnformat.so
2abe1f16d000-2abe1f16e000 rw-p 00007000 00:14 350626368                  /home/akitainu/bin/openbabel-install/lib/openbabel/2.4.1/rxnformat.so
2abe1f16e000-2abe1f174000 r-xp 00000000 00:14 350626287                  /home/akitainu/bin/openbabel-install/lib/openbabel/2.4.1/dmolformat.so
2abe1f174000-2abe1f374000 ---p 00006000 00:14 350626287                  /home/akitainu/bin/openbabel-install/lib/openbabel/2.4.1/dmolformat.so
2abe1f374000-2abe1f375000 rw-p 00006000 00:14 350626287                  /home/akitainu/bin/openbabel-install/lib/openbabel/2.4.1/dmolformat.so
2abe1f375000-2abe1f37c000 r-xp 00000000 00:14 350626294                  /home/akitainu/bin/openbabel-install/lib/openbabel/2.4.1/gulpformat.so
2abe1f37c000-2abe1f57c000 ---p 00007000 00:14 350626294                  /home/akitainu/bin/openbabel-install/lib/openbabel/2.4.1/gulpformat.so
2abe1f57c000-2abe1f57d000 rw-p 00007000 00:14 350626294                  /home/akitainu/bin/openbabel-install/lib/openbabel/2.4.1/gulpformat.so
2abe1f57d000-2abe1f58f000 r-xp 00000000 00:14 350626298                  /home/akitainu/bin/openbabel-install/lib/openbabel/2.4.1/mopacformat.so
2abe1f58f000-2abe1f78f000 ---p 00012000 00:14 350626298                  /home/akitainu/bin/openbabel-install/lib/openbabel/2.4.1/mopacformat.so
2abe1f78f000-2abe1f790000 rw-p 00012000 00:14 350626298                  /home/akitainu/bin/openbabel-install/lib/openbabel/2.4.1/mopacformat.so
2abe1f790000-2abe1f79b000 r-xp 00000000 00:14 350626373                  /home/akitainu/bin/openbabel-install/lib/openbabel/2.4.1/png2format.so
2abe1f79b000-2abe1f99b000 ---p 0000b000 00:14 350626373                  /home/akitainu/bin/openbabel-install/lib/openbabel/2.4.1/png2format.so
2abe1f99b000-2abe1f99c000 rw-p 0000b000 00:14 350626373                  /home/akitainu/bin/openbabel-install/lib/openbabel/2.4.1/png2format.so
2abe1f99c000-2abe1f9a2000 r-xp 00000000 00:14 350626295                  /home/akitainu/bin/openbabel-install/lib/openbabel/2.4.1/hinformat.so
2abe1f9a2000-2abe1fba1000 ---p 00006000 00:14 350626295                  /home/akitainu/bin/openbabel-install/lib/openbabel/2.4.1/hinformat.so
2abe1fba1000-2abe1fba2000 rw-p 00005000 00:14 350626295                  /home/akitainu/bin/openbabel-install/lib/openbabel/2.4.1/hinformat.so
2abe1fba2000-2abe1fbaa000 r-xp 00000000 00:14 350626377                  /home/akitainu/bin/openbabel-install/lib/openbabel/2.4.1/xmlformat.so
2abe1fbaa000-2abe1fdaa000 ---p 00008000 00:14 350626377                  /home/akitainu/bin/openbabel-install/lib/openbabel/2.4.1/xmlformat.so
2abe1fdaa000-2abe1fdab000 rw-p 00008000 00:14 350626377                  /home/akitainu/bin/openbabel-install/lib/openbabel/2.4.1/xmlformat.so
2abe1fdab000-2abe1fdb2000 r-xp 00000000 00:14 350626281                  /home/akitainu/bin/openbabel-install/lib/openbabel/2.4.1/abinitformat.so
2abe1fdb2000-2abe1ffb1000 ---p 00007000 00:14 350626281                  /home/akitainu/bin/openbabel-install/lib/openbabel/2.4.1/abinitformat.so
2abe1ffb1000-2abe1ffb2000 rw-p 00006000 00:14 350626281                  /home/akitainu/bin/openbabel-install/lib/openbabel/2.4.1/abinitformat.so
2abe1ffb2000-2abe1ffc5000 r-xp 00000000 00:14 350626299                  /home/akitainu/bin/openbabel-install/lib/openbabel/2.4.1/nwchemformat.so
2abe1ffc5000-2abe201c5000 ---p 00013000 00:14 350626299                  /home/akitainu/bin/openbabel-install/lib/openbabel/2.4.1/nwchemformat.so
2abe201c5000-2abe201c6000 rw-p 00013000 00:14 350626299                  /home/akitainu/bin/openbabel-install/lib/openbabel/2.4.1/nwchemformat.so
2abe201c6000-2abe201cd000 r-xp 00000000 00:14 350626337                  /home/akitainu/bin/openbabel-install/lib/openbabel/2.4.1/freefracformat.so
2abe201cd000-2abe203cd000 ---p 00007000 00:14 350626337                  /home/akitainu/bin/openbabel-install/lib/openbabel/2.4.1/freefracformat.so
2abe203cd000-2abe203ce000 rw-p 00007000 00:14 350626337                  /home/akitainu/bin/openbabel-install/lib/openbabel/2.4.1/freefracformat.so
2abe203ce000-2abe203d4000 r-xp 00000000 00:14 350626348                  /home/akitainu/bin/openbabel-install/lib/openbabel/2.4.1/mpqcformat.so
2abe203d4000-2abe205d3000 ---p 00006000 00:14 350626348                  /home/akitainu/bin/openbabel-install/lib/openbabel/2.4.1/mpqcformat.so
2abe205d3000-2abe205d4000 rw-p 00005000 00:14 350626348                  /home/akitainu/bin/openbabel-install/lib/openbabel/2.4.1/mpqcformat.so
2abe205d4000-2abe205d9000 r-xp 00000000 00:14 350626328                  /home/akitainu/bin/openbabel-install/lib/openbabel/2.4.1/cssrformat.so
2abe205d9000-2abe207d9000 ---p 00005000 00:14 350626328                  /home/akitainu/bin/openbabel-install/lib/openbabel/2.4.1/cssrformat.so
2abe207d9000-2abe207da000 rw-p 00005000 00:14 350626328                  /home/akitainu/bin/openbabel-install/lib/openbabel/2.4.1/cssrformat.so
2abe207da000-2abe20852000 r-xp 00000000 00:14 350626259                  /home/akitainu/bin/openbabel-install/lib/openbabel/2.4.1/plugin_forcefields.so
2abe20852000-2abe20a51000 ---p 00078000 00:14 350626259                  /home/akitainu/bin/openbabel-install/lib/openbabel/2.4.1/plugin_forcefields.so
2abe20a51000-2abe20a54000 rw-p 00077000 00:14 350626259                  /home/akitainu/bin/openbabel-install/lib/openbabel/2.4.1/plugin_forcefields.so
2abe20a54000-2abe20a7d000 rw-p 00000000 00:00 0 
2abe20a7d000-2abe20a89000 r-xp 00000000 00:14 350626301                  /home/akitainu/bin/openbabel-install/lib/openbabel/2.4.1/qchemformat.so
2abe20a89000-2abe20c89000 ---p 0000c000 00:14 350626301                  /home/akitainu/bin/openbabel-install/lib/openbabel/2.4.1/qchemformat.so
2abe20c89000-2abe20c8a000 rw-p 0000c000 00:14 350626301                  /home/akitainu/bin/openbabel-install/lib/openbabel/2.4.1/qchemformat.so
2abe20c8a000-2abe20c92000 r-xp 00000000 00:14 350626335                  /home/akitainu/bin/openbabel-install/lib/openbabel/2.4.1/fingerprintformat.so
2abe20c92000-2abe20e91000 ---p 00008000 00:14 350626335                  /home/akitainu/bin/openbabel-install/lib/openbabel/2.4.1/fingerprintformat.so
2abe20e91000-2abe20e92000 rw-p 00007000 00:14 350626335                  /home/akitainu/bin/openbabel-install/lib/openbabel/2.4.1/fingerprintformat.so
2abe20e92000-2abe20e9d000 r-xp 00000000 00:14 350626297                  /home/akitainu/bin/openbabel-install/lib/openbabel/2.4.1/molproformat.so
2abe20e9d000-2abe2109c000 ---p 0000b000 00:14 350626297                  /home/akitainu/bin/openbabel-install/lib/openbabel/2.4.1/molproformat.so
2abe2109c000-2abe2109d000 rw-p 0000a000 00:14 350626297                  /home/akitainu/bin/openbabel-install/lib/openbabel/2.4.1/molproformat.so
2abe2109d000-2abe210a0000 r-xp 00000000 00:14 350626271                  /home/akitainu/bin/openbabel-install/lib/openbabel/2.4.1/nulformat.so
2abe210a0000-2abe2129f000 ---p 00003000 00:14 350626271                  /home/akitainu/bin/openbabel-install/lib/openbabel/2.4.1/nulformat.so
2abe2129f000-2abe212a0000 rw-p 00002000 00:14 350626271                  /home/akitainu/bin/openbabel-install/lib/openbabel/2.4.1/nulformat.so
2abe212a0000-2abe212b6000 r-xp 00000000 00:14 350626370                  /home/akitainu/bin/openbabel-install/lib/openbabel/2.4.1/chemkinformat.so
2abe212b6000-2abe214b5000 ---p 00016000 00:14 350626370                  /home/akitainu/bin/openbabel-install/lib/openbabel/2.4.1/chemkinformat.so
2abe214b5000-2abe214b6000 rw-p 00015000 00:14 350626370                  /home/akitainu/bin/openbabel-install/lib/openbabel/2.4.1/chemkinformat.so
2abe214b6000-2abe214c3000 r-xp 00000000 00:14 350626292                  /home/akitainu/bin/openbabel-install/lib/openbabel/2.4.1/gausscubeformat.so
2abe214c3000-2abe216c3000 ---p 0000d000 00:14 350626292                  /home/akitainu/bin/openbabel-install/lib/openbabel/2.4.1/gausscubeformat.so
2abe216c3000-2abe216c4000 rw-p 0000d000 00:14 350626292                  /home/akitainu/bin/openbabel-install/lib/openbabel/2.4.1/gausscubeformat.so
2abe216c4000-2abe216c9000 r-xp 00000000 00:14 350626325                  /home/akitainu/bin/openbabel-install/lib/openbabel/2.4.1/chemtoolformat.so
2abe216c9000-2abe218c9000 ---p 00005000 00:14 350626325                  /home/akitainu/bin/openbabel-install/lib/openbabel/2.4.1/chemtoolformat.so
2abe218c9000-2abe218ca000 rw-p 00005000 00:14 350626325                  /home/akitainu/bin/openbabel-install/lib/openbabel/2.4.1/chemtoolformat.so
2abe218ca000-2abe218d5000 r-xp 00000000 00:14 350626341                  /home/akitainu/bin/openbabel-install/lib/openbabel/2.4.1/lmpdatformat.so
2abe218d5000-2abe21ad5000 ---p 0000b000 00:14 350626341                  /home/akitainu/bin/openbabel-install/lib/openbabel/2.4.1/lmpdatformat.so
2abe21ad5000-2abe21ad6000 rw-p 0000b000 00:14 350626341                  /home/akitainu/bin/openbabel-install/lib/openbabel/2.4.1/lmpdatformat.so
2abe21ad6000-2abe21adc000 r-xp 00000000 00:14 350626364                  /home/akitainu/bin/openbabel-install/lib/openbabel/2.4.1/viewmolformat.so
2abe21adc000-2abe21cdb000 ---p 00006000 00:14 350626364                  /home/akitainu/bin/openbabel-install/lib/openbabel/2.4.1/viewmolformat.so
2abe21cdb000-2abe21cdc000 rw-p 00005000 00:14 350626364                  /home/akitainu/bin/openbabel-install/lib/openbabel/2.4.1/viewmolformat.so
2abe21cdc000-2abe21ce2000 r-xp 00000000 00:14 350626353                  /home/akitainu/bin/openbabel-install/lib/openbabel/2.4.1/pcmodelformat.so
2abe21ce2000-2abe21ee2000 ---p 00006000 00:14 350626353                  /home/akitainu/bin/openbabel-install/lib/openbabel/2.4.1/pcmodelformat.so
2abe21ee2000-2abe21ee3000 rw-p 00006000 00:14 350626353                  /home/akitainu/bin/openbabel-install/lib/openbabel/2.4.1/pcmodelformat.so
2abe21ee3000-2abe21eeb000 r-xp 00000000 00:14 350626286                  /home/akitainu/bin/openbabel-install/lib/openbabel/2.4.1/daltonformat.so
2abe21eeb000-2abe220eb000 ---p 00008000 00:14 350626286                  /home/akitainu/bin/openbabel-install/lib/openbabel/2.4.1/daltonformat.so
2abe220eb000-2abe220ec000 rw-p 00008000 00:14 350626286                  /home/akitainu/bin/openbabel-install/lib/openbabel/2.4.1/daltonformat.so
2abe220ec000-2abe220f4000 r-xp 00000000 00:14 350626332                  /home/akitainu/bin/openbabel-install/lib/openbabel/2.4.1/fastaformat.so
2abe220f4000-2abe222f3000 ---p 00008000 00:14 350626332                  /home/akitainu/bin/openbabel-install/lib/openbabel/2.4.1/fastaformat.so
2abe222f3000-2abe22330000 rw-p 00007000 00:14 350626332                  /home/akitainu/bin/openbabel-install/lib/openbabel/2.4.1/fastaformat.so
2abe22330000-2abe22336000 r-xp 00000000 00:14 350626284                  /home/akitainu/bin/openbabel-install/lib/openbabel/2.4.1/castepformat.so
2abe22336000-2abe22536000 ---p 00006000 00:14 350626284                  /home/akitainu/bin/openbabel-install/lib/openbabel/2.4.1/castepformat.so
2abe22536000-2abe22537000 rw-p 00006000 00:14 350626284                  /home/akitainu/bin/openbabel-install/lib/openbabel/2.4.1/castepformat.so
2abe22537000-2abe2254c000 r-xp 00000000 00:14 350626354                  /home/akitainu/bin/openbabel-install/lib/openbabel/2.4.1/pdbqtformat.so
2abe2254c000-2abe2274c000 ---p 00015000 00:14 350626354                  /home/akitainu/bin/openbabel-install/lib/openbabel/2.4.1/pdbqtformat.so
2abe2274c000-2abe2274d000 rw-p 00015000 00:14 350626354                  /home/akitainu/bin/openbabel-install/lib/openbabel/2.4.1/pdbqtformat.so
2abe2274d000-2abe22755000 r-xp 00000000 00:14 350626367                  /home/akitainu/bin/openbabel-install/lib/openbabel/2.4.1/yasaraformat.so
2abe22755000-2abe22955000 ---p 00008000 00:14 350626367                  /home/akitainu/bin/openbabel-install/lib/openbabel/2.4.1/yasaraformat.so
2abe22955000-2abe22956000 rw-p 00008000 00:14 350626367                  /home/akitainu/bin/openbabel-install/lib/openbabel/2.4.1/yasaraformat.so
2abe22956000-2abe2295b000 r-xp 00000000 00:14 350626334                  /home/akitainu/bin/openbabel-install/lib/openbabel/2.4.1/fhformat.so
2abe2295b000-2abe22b5a000 ---p 00005000 00:14 350626334                  /home/akitainu/bin/openbabel-install/lib/openbabel/2.4.1/fhformat.so
2abe22b5a000-2abe22b5b000 rw-p 00004000 00:14 350626334                  /home/akitainu/bin/openbabel-install/lib/openbabel/2.4.1/fhformat.so
2abe22b5b000-2abe22b61000 r-xp 00000000 00:14 350626305                  /home/akitainu/bin/openbabel-install/lib/openbabel/2.4.1/xsfformat.so
2abe22b61000-2abe22d61000 ---p 00006000 00:14 350626305                  /home/akitainu/bin/openbabel-install/lib/openbabel/2.4.1/xsfformat.so
2abe22d61000-2abe22d62000 rw-p 00006000 00:14 350626305                  /home/akitainu/bin/openbabel-install/lib/openbabel/2.4.1/xsfformat.so
2abe22d62000-2abe22d67000 r-xp 00000000 00:14 350626320                  /home/akitainu/bin/openbabel-install/lib/openbabel/2.4.1/cacheformat.so
2abe22d67000-2abe22f67000 ---p 00005000 00:14 350626320                  /home/akitainu/bin/openbabel-install/lib/openbabel/2.4.1/cacheformat.so
2abe22f67000-2abe22f68000 rw-p 00005000 00:14 350626320                  /home/akitainu/bin/openbabel-install/lib/openbabel/2.4.1/cacheformat.so
2abe22f68000-2abe22f6e000 r-xp 00000000 00:14 350626289                  /home/akitainu/bin/openbabel-install/lib/openbabel/2.4.1/fhiaimsformat.so
2abe22f6e000-2abe2316e000 ---p 00006000 00:14 350626289                  /home/akitainu/bin/openbabel-install/lib/openbabel/2.4.1/fhiaimsformat.so
2abe2316e000-2abe2316f000 rw-p 00006000 00:14 350626289                  /home/akitainu/bin/openbabel-install/lib/openbabel/2.4.1/fhiaimsformat.so
2abe2316f000-2abe231a3000 r-xp 00000000 00:14 350626380                  /home/akitainu/bin/openbabel-install/lib/openbabel/2.4.1/pubchemjsonformat.so
2abe231a3000-2abe233a2000 ---p 00034000 00:14 350626380                  /home/akitainu/bin/openbabel-install/lib/openbabel/2.4.1/pubchemjsonformat.so
2abe233a2000-2abe233a4000 rw-p 00033000 00:14 350626380                  /home/akitainu/bin/openbabel-install/lib/openbabel/2.4.1/pubchemjsonformat.so
2abe233a4000-2abe233aa000 r-xp 00000000 00:14 350626355                  /home/akitainu/bin/openbabel-install/lib/openbabel/2.4.1/pointcloudformat.so
2abe233aa000-2abe235aa000 ---p 00006000 00:14 350626355                  /home/akitainu/bin/openbabel-install/lib/openbabel/2.4.1/pointcloudformat.so
2abe235aa000-2abe235ab000 rw-p 00006000 00:14 350626355                  /home/akitainu/bin/openbabel-install/lib/openbabel/2.4.1/pointcloudformat.so
2abe235ab000-2abe235b2000 r-xp 00000000 00:14 350626356                  /home/akitainu/bin/openbabel-install/lib/openbabel/2.4.1/posformat.so
2abe235b2000-2abe237b2000 ---p 00007000 00:14 350626356                  /home/akitainu/bin/openbabel-install/lib/openbabel/2.4.1/posformat.so
2abe237b2000-2abe237b3000 rw-p 00007000 00:14 350626356                  /home/akitainu/bin/openbabel-install/lib/openbabel/2.4.1/posformat.so
2abe237b3000-2abe237bd000 r-xp 00000000 00:14 350626293                  /home/akitainu/bin/openbabel-install/lib/openbabel/2.4.1/gausszmatformat.so
2abe237bd000-2abe239bc000 ---p 0000a000 00:14 350626293                  /home/akitainu/bin/openbabel-install/lib/openbabel/2.4.1/gausszmatformat.so
2abe239bc000-2abe239bd000 rw-p 00009000 00:14 350626293                  /home/akitainu/bin/openbabel-install/lib/openbabel/2.4.1/gausszmatformat.so
2abe239bd000-2abe239c8000 r-xp 00000000 00:14 350626330                  /home/akitainu/bin/openbabel-install/lib/openbabel/2.4.1/exyzformat.so
2abe239c8000-2abe23bc7000 ---p 0000b000 00:14 350626330                  /home/akitainu/bin/openbabel-install/lib/openbabel/2.4.1/exyzformat.so
2abe23bc7000-2abe23bc8000 rw-p 0000a000 00:14 350626330                  /home/akitainu/bin/openbabel-install/lib/openbabel/2.4.1/exyzformat.so
2abe23bc8000-2abe23bda000 r-xp 00000000 00:14 350626307                  /home/akitainu/bin/openbabel-install/lib/openbabel/2.4.1/gamessukformat.so
2abe23bda000-2abe23dda000 ---p 00012000 00:14 350626307                  /home/akitainu/bin/openbabel-install/lib/openbabel/2.4.1/gamessukformat.so
2abe23dda000-2abe23ddb000 rw-p 00012000 00:14 350626307                  /home/akitainu/bin/openbabel-install/lib/openbabel/2.4.1/gamessukformat.so
2abe23ddb000-2abe23deb000 rw-p 00000000 00:00 0 
2abe23deb000-2abe23df1000 r-xp 00000000 00:14 350626314                  /home/akitainu/bin/openbabel-install/lib/openbabel/2.4.1/acrformat.so
2abe23df1000-2abe23ff0000 ---p 00006000 00:14 350626314                  /home/akitainu/bin/openbabel-install/lib/openbabel/2.4.1/acrformat.so
2abe23ff0000-2abe23ff1000 rw-p 00005000 00:14 350626314                  /home/akitainu/bin/openbabel-install/lib/openbabel/2.4.1/acrformat.so
2abe23ff1000-2abe23ff6000 r-xp 00000000 00:14 350626315                  /home/akitainu/bin/openbabel-install/lib/openbabel/2.4.1/amberformat.so
2abe23ff6000-2abe241f6000 ---p 00005000 00:14 350626315                  /home/akitainu/bin/openbabel-install/lib/openbabel/2.4.1/amberformat.so
2abe241f6000-2abe241f7000 rw-p 00005000 00:14 350626315                  /home/akitainu/bin/openbabel-install/lib/openbabel/2.4.1/amberformat.so
2abe241f7000-2abe24200000 r-xp 00000000 00:14 350626371                  /home/akitainu/bin/openbabel-install/lib/openbabel/2.4.1/rsmiformat.so
2abe24200000-2abe243ff000 ---p 00009000 00:14 350626371                  /home/akitainu/bin/openbabel-install/lib/openbabel/2.4.1/rsmiformat.so
2abe243ff000-2abe24400000 rw-p 00008000 00:14 350626371                  /home/akitainu/bin/openbabel-install/lib/openbabel/2.4.1/rsmiformat.so
2abe24400000-2abe24408000 r-xp 00000000 00:14 350626345                  /home/akitainu/bin/openbabel-install/lib/openbabel/2.4.1/mmodformat.so
2abe24408000-2abe24608000 ---p 00008000 00:14 350626345                  /home/akitainu/bin/openbabel-install/lib/openbabel/2.4.1/mmodformat.so
2abe24608000-2abe24609000 rw-p 00008000 00:14 350626345                  /home/akitainu/bin/openbabel-install/lib/openbabel/2.4.1/mmodformat.so
2abe24609000-2abe2461e000 r-xp 00000000 00:14 350626304                  /home/akitainu/bin/openbabel-install/lib/openbabel/2.4.1/vaspformat.so
2abe2461e000-2abe2481e000 ---p 00015000 00:14 350626304                  /home/akitainu/bin/openbabel-install/lib/openbabel/2.4.1/vaspformat.so
2abe2481e000-2abe2481f000 rw-p 00015000 00:14 350626304                  /home/akitainu/bin/openbabel-install/lib/openbabel/2.4.1/vaspformat.so
2abe2481f000-2abe24826000 r-xp 00000000 00:14 350626272                  /home/akitainu/bin/openbabel-install/lib/openbabel/2.4.1/painterformat.so
2abe24826000-2abe24a26000 ---p 00007000 00:14 350626272                  /home/akitainu/bin/openbabel-install/lib/openbabel/2.4.1/painterformat.so
2abe24a26000-2abe24a27000 rw-p 00007000 00:14 350626272                  /home/akitainu/bin/openbabel-install/lib/openbabel/2.4.1/painterformat.so
2abe24a27000-2abe24a2b000 r-xp 00000000 00:14 350626276                  /home/akitainu/bin/openbabel-install/lib/openbabel/2.4.1/textformat.so
2abe24a2b000-2abe24c2b000 ---p 00004000 00:14 350626276                  /home/akitainu/bin/openbabel-install/lib/openbabel/2.4.1/textformat.so
2abe24c2b000-2abe24c2c000 rw-p 00004000 00:14 350626276                  /home/akitainu/bin/openbabel-install/lib/openbabel/2.4.1/textformat.so
2abe24c2c000-2abe24c34000 r-xp 00000000 00:14 350626278                  /home/akitainu/bin/openbabel-install/lib/openbabel/2.4.1/confabreport.so
2abe24c34000-2abe24e34000 ---p 00008000 00:14 350626278                  /home/akitainu/bin/openbabel-install/lib/openbabel/2.4.1/confabreport.so
2abe24e34000-2abe24e35000 rw-p 00008000 00:14 350626278                  /home/akitainu/bin/openbabel-install/lib/openbabel/2.4.1/confabreport.so
2abe24e35000-2abe24e3b000 r-xp 00000000 00:14 350626360                  /home/akitainu/bin/openbabel-install/lib/openbabel/2.4.1/stlformat.so
2abe24e3b000-2abe2503b000 ---p 00006000 00:14 350626360                  /home/akitainu/bin/openbabel-install/lib/openbabel/2.4.1/stlformat.so
2abe2503b000-2abe2503c000 rw-p 00006000 00:14 350626360                  /home/akitainu/bin/openbabel-install/lib/openbabel/2.4.1/stlformat.so
2abe2503c000-2abe2503f000 r-xp 00000000 00:14 350626309                  /home/akitainu/bin/openbabel-install/lib/openbabel/2.4.1/APIInterface.so
2abe2503f000-2abe2523f000 ---p 00003000 00:14 350626309                  /home/akitainu/bin/openbabel-install/lib/openbabel/2.4.1/APIInterface.so
2abe2523f000-2abe25240000 rw-p 00003000 00:14 350626309                  /home/akitainu/bin/openbabel-install/lib/openbabel/2.4.1/APIInterface.so
2abe25240000-2abe25247000 r-xp 00000000 00:14 350626349                  /home/akitainu/bin/openbabel-install/lib/openbabel/2.4.1/msiformat.so
2abe25247000-2abe25446000 ---p 00007000 00:14 350626349                  /home/akitainu/bin/openbabel-install/lib/openbabel/2.4.1/msiformat.so
2abe25446000-2abe25447000 rw-p 00006000 00:14 350626349                  /home/akitainu/bin/openbabel-install/lib/openbabel/2.4.1/msiformat.so
2abe25447000-2abe2544f000 r-xp 00000000 00:14 350626319                  /home/akitainu/bin/openbabel-install/lib/openbabel/2.4.1/cacaoformat.so
2abe2544f000-2abe2564e000 ---p 00008000 00:14 350626319                  /home/akitainu/bin/openbabel-install/lib/openbabel/2.4.1/cacaoformat.so
2abe2564e000-2abe2564f000 rw-p 00007000 00:14 350626319                  /home/akitainu/bin/openbabel-install/lib/openbabel/2.4.1/cacaoformat.so
2abe2564f000-2abe25661000 r-xp 00000000 00:14 350626344                  /home/akitainu/bin/openbabel-install/lib/openbabel/2.4.1/mmcifformat.so
2abe25661000-2abe25861000 ---p 00012000 00:14 350626344                  /home/akitainu/bin/openbabel-install/lib/openbabel/2.4.1/mmcifformat.so
2abe25861000-2abe25863000 rw-p 00012000 00:14 350626344                  /home/akitainu/bin/openbabel-install/lib/openbabel/2.4.1/mmcifformat.so
2abe25863000-2abe2586c000 r-xp 00000000 00:14 350626351                  /home/akitainu/bin/openbabel-install/lib/openbabel/2.4.1/opendxformat.so
2abe2586c000-2abe25a6b000 ---p 00009000 00:14 350626351                  /home/akitainu/bin/openbabel-install/lib/openbabel/2.4.1/opendxformat.so
2abe25a6b000-2abe25a6c000 rw-p 00008000 00:14 350626351                  /home/akitainu/bin/openbabel-install/lib/openbabel/2.4.1/opendxformat.so
2abe25a6c000-2abe25a72000 r-xp 00000000 00:14 350626352                  /home/akitainu/bin/openbabel-install/lib/openbabel/2.4.1/outformat.so
2abe25a72000-2abe25c71000 ---p 00006000 00:14 350626352                  /home/akitainu/bin/openbabel-install/lib/openbabel/2.4.1/outformat.so
2abe25c71000-2abe25c72000 rw-p 00005000 00:14 350626352                  /home/akitainu/bin/openbabel-install/lib/openbabel/2.4.1/outformat.so
2abe25c72000-2abe25c7c000 r-xp 00000000 00:14 350626302                  /home/akitainu/bin/openbabel-install/lib/openbabel/2.4.1/siestaformat.so
2abe25c7c000-2abe25e7c000 ---p 0000a000 00:14 350626302                  /home/akitainu/bin/openbabel-install/lib/openbabel/2.4.1/siestaformat.so
2abe25e7c000-2abe25e7d000 rw-p 0000a000 00:14 350626302                  /home/akitainu/bin/openbabel-install/lib/openbabel/2.4.1/siestaformat.so
2abe25e7d000-2abe25e88000 r-xp 00000000 00:14 350626273                  /home/akitainu/bin/openbabel-install/lib/openbabel/2.4.1/povrayformat.so
2abe25e88000-2abe26088000 ---p 0000b000 00:14 350626273                  /home/akitainu/bin/openbabel-install/lib/openbabel/2.4.1/povrayformat.so
2abe26088000-2abe26089000 rw-p 0000b000 00:14 350626273                  /home/akitainu/bin/openbabel-install/lib/openbabel/2.4.1/povrayformat.so
2abe26089000-2abe26091000 r-xp 00000000 00:14 350626317                  /home/akitainu/bin/openbabel-install/lib/openbabel/2.4.1/bgfformat.so
2abe26091000-2abe26290000 ---p 00008000 00:14 350626317                  /home/akitainu/bin/openbabel-install/lib/openbabel/2.4.1/bgfformat.so
2abe26290000-2abe26291000 rw-p 00007000 00:14 350626317                  /home/akitainu/bin/openbabel-install/lib/openbabel/2.4.1/bgfformat.so
2abe26291000-2abe26297000 r-xp 00000000 00:14 350626316                  /home/akitainu/bin/openbabel-install/lib/openbabel/2.4.1/balstformat.so
2abe26297000-2abe26496000 ---p 00006000 00:14 350626316                  /home/akitainu/bin/openbabel-install/lib/openbabel/2.4.1/balstformat.so
2abe26496000-2abe26497000 rw-p 00005000 00:14 350626316                  /home/akitainu/bin/openbabel-install/lib/openbabel/2.4.1/balstformat.so
2abe26497000-2abe2649f000 r-xp 00000000 00:14 350626279                  /home/akitainu/bin/openbabel-install/lib/openbabel/2.4.1/pngformat.so
2abe2649f000-2abe2669e000 ---p 00008000 00:14 350626279                  /home/akitainu/bin/openbabel-install/lib/openbabel/2.4.1/pngformat.so
2abe2669e000-2abe2669f000 rw-p 00007000 00:14 350626279                  /home/akitainu/bin/openbabel-install/lib/openbabel/2.4.1/pngformat.so
2abe2669f000-2abe266af000 r-xp 00000000 00:14 350626265                  /home/akitainu/bin/openbabel-install/lib/openbabel/2.4.1/pdbformat.so
2abe266af000-2abe268ae000 ---p 00010000 00:14 350626265                  /home/akitainu/bin/openbabel-install/lib/openbabel/2.4.1/pdbformat.so
2abe268ae000-2abe268af000 rw-p 0000f000 00:14 350626265                  /home/akitainu/bin/openbabel-install/lib/openbabel/2.4.1/pdbformat.so
2abe268af000-2abe268c7000 r-xp 00000000 00:14 350626290                  /home/akitainu/bin/openbabel-install/lib/openbabel/2.4.1/gamessformat.so
2abe268c7000-2abe26ac7000 ---p 00018000 00:14 350626290                  /home/akitainu/bin/openbabel-install/lib/openbabel/2.4.1/gamessformat.so
2abe26ac7000-2abe26ac8000 rw-p 00018000 00:14 350626290                  /home/akitainu/bin/openbabel-install/lib/openbabel/2.4.1/gamessformat.so
2abe26ac8000-2abe26ad3000 r-xp 00000000 00:14 350626340                  /home/akitainu/bin/openbabel-install/lib/openbabel/2.4.1/groformat.so
2abe26ad3000-2abe26cd3000 ---p 0000b000 00:14 350626340                  /home/akitainu/bin/openbabel-install/lib/openbabel/2.4.1/groformat.so
2abe26cd3000-2abe26cd4000 rw-p 0000b000 00:14 350626340                  /home/akitainu/bin/openbabel-install/lib/openbabel/2.4.1/groformat.so
2abe26cd4000-2abe26cf4000 r-xp 00000000 00:14 350626263                  /home/akitainu/bin/openbabel-install/lib/openbabel/2.4.1/mdlformat.so
2abe26cf4000-2abe26ef4000 ---p 00020000 00:14 350626263                  /home/akitainu/bin/openbabel-install/lib/openbabel/2.4.1/mdlformat.so
2abe26ef4000-2abe26ef5000 rw-p 00020000 00:14 350626263                  /home/akitainu/bin/openbabel-install/lib/openbabel/2.4.1/mdlformat.so
2abe26ef5000-2abe26f17000 rw-p 00000000 00:00 0 
2abe26f48000-2abe26faa000 rw-p 00000000 00:00 0 
2abe27126000-2abe272d7000 rw-p 00000000 00:00 0 
7fff115f3000-7fff1161a000 rw-p 00000000 00:00 0                          [stack]
7fff116a1000-7fff116a2000 r-xp 00000000 00:00 0                          [vdso]
ffffffffff600000-ffffffffff601000 r-xp 00000000 00:00 0                  [vsyscall]
/var/spool/TORQUE/mom_priv/jobs/2252769.cluster.aracluster.SC: line 45: 16211 Aborted                 (core dumped) ./MARS ./${infile} > ./${logfile}
======= End calculating ========
